     6>D:\projects\misis2023f-23-check\misis2024s-23-09-gumirov-m-r\prj.check\prj.check\doctest_dynarr\doctest_dynarr.cpp(3,10): error C1083: Не удается открыть файл включение: dynarr/dynarr.hpp: No such file or directory, [D:\projects\misis2023f-23-check\misis2024s-23-09-gumirov-m-r\build.check\prj.check\prj.check\doctest_dynarr\doctest_dynarr.vcxproj]
     7>D:\projects\misis2023f-23-check\misis2024s-23-09-gumirov-m-r\prj.check\prj.check\doctest_dynarr\doctest_dynarr_moveable.cpp(3,10): error C1083: Не удается открыть файл включение: dynarr/dynarr.hpp: No such file or directory, [D:\projects\misis2023f-23-check\misis2024s-23-09-gumirov-m-r\build.check\prj.check\prj.check\doctest_dynarr\doctest_dynarr_m.vcxproj]
    11>D:\projects\misis2023f-23-check\misis2024s-23-09-gumirov-m-r\prj.check\prj.check\doctest_queuelstpr\doctest_queuelstpr_moveable.cpp(3,10): error C1083: Не удается открыть файл включение: queuelstpr/queuelstpr.hpp: No such file or directory, [D:\projects\misis2023f-23-check\misis2024s-23-09-gumirov-m-r\build.check\prj.check\prj.check\doctest_queuelstpr\doctest_queuelstpr_m.vcxproj]
     9>D:\projects\misis2023f-23-check\misis2024s-23-09-gumirov-m-r\prj.check\prj.check\doctest_queuelst\doctest_queuelst_moveable.cpp(3,10): error C1083: Не удается открыть файл включение: queuelst/queuelst.hpp: No such file or directory, [D:\projects\misis2023f-23-check\misis2024s-23-09-gumirov-m-r\build.check\prj.check\prj.check\doctest_queuelst\doctest_queuelst_m.vcxproj]
     8>D:\projects\misis2023f-23-check\misis2024s-23-09-gumirov-m-r\prj.check\prj.check\doctest_queuearr\doctest_queuearr_moveable.cpp(3,10): error C1083: Не удается открыть файл включение: queuearr/queuearr.hpp: No such file or directory, [D:\projects\misis2023f-23-check\misis2024s-23-09-gumirov-m-r\build.check\prj.check\prj.check\doctest_queuearr\doctest_queuearr_m.vcxproj]
    10>D:\projects\misis2023f-23-check\misis2024s-23-09-gumirov-m-r\prj.check\prj.check\doctest_bitset\doctest_bitset.cpp(3,10): error C1083: Не удается открыть файл включение: bitset/bitset.hpp: No such file or directory, [D:\projects\misis2023f-23-check\misis2024s-23-09-gumirov-m-r\build.check\prj.check\prj.check\doctest_bitset\doctest_bitset.vcxproj]
    12>D:\projects\misis2023f-23-check\misis2024s-23-09-gumirov-m-r\prj.check\prj.check\doctest_queuearr\doctest_queuearr.cpp(3,10): error C1083: Не удается открыть файл включение: queuearr/queuearr.hpp: No such file or directory, [D:\projects\misis2023f-23-check\misis2024s-23-09-gumirov-m-r\build.check\prj.check\prj.check\doctest_queuearr\doctest_queuearr.vcxproj]
    16>D:\projects\misis2023f-23-check\misis2024s-23-09-gumirov-m-r\prj.check\prj.check\doctest_queuelstpr\doctest_queuelstpr.cpp(3,10): error C1083: Не удается открыть файл включение: queuelstpr/queuelstpr.hpp: No such file or directory, [D:\projects\misis2023f-23-check\misis2024s-23-09-gumirov-m-r\build.check\prj.check\prj.check\doctest_queuelstpr\doctest_queuelstpr.vcxproj]
    15>D:\projects\misis2023f-23-check\misis2024s-23-09-gumirov-m-r\prj.check\prj.check\doctest_queuelst\doctest_queuelst.cpp(3,10): error C1083: Не удается открыть файл включение: queuelst/queuelst.hpp: No such file or directory, [D:\projects\misis2023f-23-check\misis2024s-23-09-gumirov-m-r\build.check\prj.check\prj.check\doctest_queuelst\doctest_queuelst.vcxproj]
    18>D:\projects\misis2023f-23-check\misis2024s-23-09-gumirov-m-r\prj.check\prj.check\doctest_bitset\doctest_bitset_moveable.cpp(3,10): error C1083: Не удается открыть файл включение: bitset/bitset.hpp: No such file or directory, [D:\projects\misis2023f-23-check\misis2024s-23-09-gumirov-m-r\build.check\prj.check\prj.check\doctest_bitset\doctest_bitset_m.vcxproj]
    23>D:\projects\misis2023f-23-check\misis2024s-23-09-gumirov-m-r\prj.check\prj.check\doctest_stacklst\doctest_stacklst.cpp(11,3): error C2065: StackLst: необъявленный идентификатор [D:\projects\misis2023f-23-check\misis2024s-23-09-gumirov-m-r\build.check\prj.check\prj.check\doctest_stacklst\doctest_stacklst.vcxproj]
    23>D:\projects\misis2023f-23-check\misis2024s-23-09-gumirov-m-r\prj.check\prj.check\doctest_stacklst\doctest_stacklst.cpp(11,12): error C2146: синтаксическая ошибка: отсутствие ";" перед идентификатором "st" [D:\projects\misis2023f-23-check\misis2024s-23-09-gumirov-m-r\build.check\prj.check\prj.check\doctest_stacklst\doctest_stacklst.vcxproj]
    26>D:\projects\misis2023f-23-check\misis2024s-23-09-gumirov-m-r\prj.check\prj.check\doctest_stacklst\doctest_stacklst_moveable.cpp(8,1): error C2065: StackLst: необъявленный идентификатор [D:\projects\misis2023f-23-check\misis2024s-23-09-gumirov-m-r\build.check\prj.check\prj.check\doctest_stacklst\doctest_stacklst_m.vcxproj]
    23>D:\projects\misis2023f-23-check\misis2024s-23-09-gumirov-m-r\prj.check\prj.check\doctest_stacklst\doctest_stacklst.cpp(11,12): error C2065: st: необъявленный идентификатор [D:\projects\misis2023f-23-check\misis2024s-23-09-gumirov-m-r\build.check\prj.check\prj.check\doctest_stacklst\doctest_stacklst.vcxproj]
    26>D:\projects\misis2023f-23-check\misis2024s-23-09-gumirov-m-r\prj.check\prj.check\doctest_stacklst\doctest_stacklst_moveable.cpp(8,1): error C3544: "Types": пакет параметров ожидает аргумент шаблона типа [D:\projects\misis2023f-23-check\misis2024s-23-09-gumirov-m-r\build.check\prj.check\prj.check\doctest_stacklst\doctest_stacklst_m.vcxproj]
    26>D:\projects\misis2023f-23-check\misis2024s-23-09-gumirov-m-r\prj.check\prj.check\doctest_stacklst\doctest_stacklst_moveable.cpp(8,1): error C3203: "tuple": неспециализированный класс шаблон нельзя использовать в качестве аргумента шаблон для параметра шаблон "Tuple", требуется действительный тип [D:\projects\misis2023f-23-check\misis2024s-23-09-gumirov-m-r\build.check\prj.check\prj.check\doctest_stacklst\doctest_stacklst_m.vcxproj]
    26>D:\projects\misis2023f-23-check\misis2024s-23-09-gumirov-m-r\prj.check\prj.check\doctest_stacklst\doctest_stacklst_moveable.cpp(8,1): error C2027: использование неопределенного типа "`anonymous-namespace'::test_movableITERATOR<int>" [D:\projects\misis2023f-23-check\misis2024s-23-09-gumirov-m-r\build.check\prj.check\prj.check\doctest_stacklst\doctest_stacklst_m.vcxproj]
    23>D:\projects\misis2023f-23-check\misis2024s-23-09-gumirov-m-r\prj.check\prj.check\doctest_stacklst\doctest_stacklst.cpp(15,3): error C2065: StackLst: необъявленный идентификатор [D:\projects\misis2023f-23-check\misis2024s-23-09-gumirov-m-r\build.check\prj.check\prj.check\doctest_stacklst\doctest_stacklst.vcxproj]
    26>D:\projects\misis2023f-23-check\misis2024s-23-09-gumirov-m-r\prj.check\prj.check\doctest_stacklst\doctest_stacklst_moveable.cpp(8,1): error C2672: "doctest::detail::instantiationHelper": не найдена соответствующая перегруженная функция [D:\projects\misis2023f-23-check\misis2024s-23-09-gumirov-m-r\build.check\prj.check\prj.check\doctest_stacklst\doctest_stacklst_m.vcxproj]
    26>D:\projects\misis2023f-23-check\misis2024s-23-09-gumirov-m-r\prj.check\prj.check\doctest_stacklst\doctest_stacklst_moveable.cpp(8,1): error C2660: doctest::detail::consume: функция не принимает 1 аргументов [D:\projects\misis2023f-23-check\misis2024s-23-09-gumirov-m-r\build.check\prj.check\prj.check\doctest_stacklst\doctest_stacklst_m.vcxproj]
    26>D:\projects\misis2023f-23-check\misis2024s-23-09-gumirov-m-r\prj.check\prj.check\doctest_stacklst\doctest_stacklst_moveable.cpp(10,1): error C2065: StackLst: необъявленный идентификатор [D:\projects\misis2023f-23-check\misis2024s-23-09-gumirov-m-r\build.check\prj.check\prj.check\doctest_stacklst\doctest_stacklst_m.vcxproj]
    23>D:\projects\misis2023f-23-check\misis2024s-23-09-gumirov-m-r\prj.check\prj.check\doctest_stacklst\doctest_stacklst.cpp(15,12): error C2146: синтаксическая ошибка: отсутствие ";" перед идентификатором "st" [D:\projects\misis2023f-23-check\misis2024s-23-09-gumirov-m-r\build.check\prj.check\prj.check\doctest_stacklst\doctest_stacklst.vcxproj]
    26>D:\projects\misis2023f-23-check\misis2024s-23-09-gumirov-m-r\prj.check\prj.check\doctest_stacklst\doctest_stacklst_moveable.cpp(10,1): error C3544: "Types": пакет параметров ожидает аргумент шаблона типа [D:\projects\misis2023f-23-check\misis2024s-23-09-gumirov-m-r\build.check\prj.check\prj.check\doctest_stacklst\doctest_stacklst_m.vcxproj]
    26>D:\projects\misis2023f-23-check\misis2024s-23-09-gumirov-m-r\prj.check\prj.check\doctest_stacklst\doctest_stacklst_moveable.cpp(10,1): error C3203: "tuple": неспециализированный класс шаблон нельзя использовать в качестве аргумента шаблон для параметра шаблон "Tuple", требуется действительный тип [D:\projects\misis2023f-23-check\misis2024s-23-09-gumirov-m-r\build.check\prj.check\prj.check\doctest_stacklst\doctest_stacklst_m.vcxproj]
    23>D:\projects\misis2023f-23-check\misis2024s-23-09-gumirov-m-r\prj.check\prj.check\doctest_stacklst\doctest_stacklst.cpp(15,12): error C2065: st: необъявленный идентификатор [D:\projects\misis2023f-23-check\misis2024s-23-09-gumirov-m-r\build.check\prj.check\prj.check\doctest_stacklst\doctest_stacklst.vcxproj]
    26>D:\projects\misis2023f-23-check\misis2024s-23-09-gumirov-m-r\prj.check\prj.check\doctest_stacklst\doctest_stacklst_moveable.cpp(10,1): error C2027: использование неопределенного типа "`anonymous-namespace'::test_movable_ctorITERATOR<int>" [D:\projects\misis2023f-23-check\misis2024s-23-09-gumirov-m-r\build.check\prj.check\prj.check\doctest_stacklst\doctest_stacklst_m.vcxproj]
    23>D:\projects\misis2023f-23-check\misis2024s-23-09-gumirov-m-r\prj.check\prj.check\doctest_stacklst\doctest_stacklst.cpp(16,3): error C2065: st: необъявленный идентификатор [D:\projects\misis2023f-23-check\misis2024s-23-09-gumirov-m-r\build.check\prj.check\prj.check\doctest_stacklst\doctest_stacklst.vcxproj]
    23>D:\projects\misis2023f-23-check\misis2024s-23-09-gumirov-m-r\prj.check\prj.check\doctest_stacklst\doctest_stacklst.cpp(17,3): error C2065: st: необъявленный идентификатор [D:\projects\misis2023f-23-check\misis2024s-23-09-gumirov-m-r\build.check\prj.check\prj.check\doctest_stacklst\doctest_stacklst.vcxproj]
    26>D:\projects\misis2023f-23-check\misis2024s-23-09-gumirov-m-r\prj.check\prj.check\doctest_stacklst\doctest_stacklst_moveable.cpp(10,1): error C2672: "doctest::detail::instantiationHelper": не найдена соответствующая перегруженная функция [D:\projects\misis2023f-23-check\misis2024s-23-09-gumirov-m-r\build.check\prj.check\prj.check\doctest_stacklst\doctest_stacklst_m.vcxproj]
    31>test_mathvector.obj : error LNK2019: ссылка на неразрешенный внешний символ "public: __cdecl MathVector<2>::MathVector<2>(void)" (??0?$MathVector@$01@@QEAA@XZ) в функции "void __cdecl DOCTEST_ANON_FUNC_15(void)" (?DOCTEST_ANON_FUNC_15@@YAXXZ). [D:\projects\misis2023f-23-check\misis2024s-23-09-gumirov-m-r\build.check\prj.test\test_mathvector.vcxproj]
    31>test_mathvector.obj : error LNK2019: ссылка на неразрешенный внешний символ "public: void __cdecl MathVector<2>::push_back(int const &)" (?push_back@?$MathVector@$01@@QEAAXAEBH@Z) в функции "void __cdecl DOCTEST_ANON_FUNC_15(void)" (?DOCTEST_ANON_FUNC_15@@YAXXZ). [D:\projects\misis2023f-23-check\misis2024s-23-09-gumirov-m-r\build.check\prj.test\test_mathvector.vcxproj]
    23>D:\projects\misis2023f-23-check\misis2024s-23-09-gumirov-m-r\prj.check\prj.check\doctest_stacklst\doctest_stacklst.cpp(17,11): error C2065: Complex: необъявленный идентификатор [D:\projects\misis2023f-23-check\misis2024s-23-09-gumirov-m-r\build.check\prj.check\prj.check\doctest_stacklst\doctest_stacklst.vcxproj]
    31>test_mathvector.obj : error LNK2019: ссылка на неразрешенный внешний символ "public: int __cdecl MathVector<2>::at(int const &)" (?at@?$MathVector@$01@@QEAAHAEBH@Z) в функции "void __cdecl DOCTEST_ANON_FUNC_15(void)" (?DOCTEST_ANON_FUNC_15@@YAXXZ). [D:\projects\misis2023f-23-check\misis2024s-23-09-gumirov-m-r\build.check\prj.test\test_mathvector.vcxproj]
    26>D:\projects\misis2023f-23-check\misis2024s-23-09-gumirov-m-r\prj.check\prj.check\doctest_stacklst\doctest_stacklst_moveable.cpp(10,1): error C2660: doctest::detail::consume: функция не принимает 1 аргументов [D:\projects\misis2023f-23-check\misis2024s-23-09-gumirov-m-r\build.check\prj.check\prj.check\doctest_stacklst\doctest_stacklst_m.vcxproj]
    31>test_mathvector.obj : error LNK2019: ссылка на неразрешенный внешний символ "public: void __cdecl MathVector<2>::replace_at(int const &,int const &)" (?replace_at@?$MathVector@$01@@QEAAXAEBH0@Z) в функции "void __cdecl DOCTEST_ANON_FUNC_15(void)" (?DOCTEST_ANON_FUNC_15@@YAXXZ). [D:\projects\misis2023f-23-check\misis2024s-23-09-gumirov-m-r\build.check\prj.test\test_mathvector.vcxproj]
    23>D:\projects\misis2023f-23-check\misis2024s-23-09-gumirov-m-r\prj.check\prj.check\doctest_stacklst\doctest_stacklst.cpp(18,3): error C2065: st: необъявленный идентификатор [D:\projects\misis2023f-23-check\misis2024s-23-09-gumirov-m-r\build.check\prj.check\prj.check\doctest_stacklst\doctest_stacklst.vcxproj]
    31>test_mathvector.obj : error LNK2019: ссылка на неразрешенный внешний символ "public: int __cdecl MathVector<2>::getSize(void)" (?getSize@?$MathVector@$01@@QEAAHXZ) в функции "void __cdecl DOCTEST_ANON_FUNC_15(void)" (?DOCTEST_ANON_FUNC_15@@YAXXZ). [D:\projects\misis2023f-23-check\misis2024s-23-09-gumirov-m-r\build.check\prj.test\test_mathvector.vcxproj]
    31>test_mathvector.obj : error LNK2019: ссылка на неразрешенный внешний символ "public: int __cdecl MathVector<2>::getFront(void)" (?getFront@?$MathVector@$01@@QEAAHXZ) в функции "void __cdecl DOCTEST_ANON_FUNC_15(void)" (?DOCTEST_ANON_FUNC_15@@YAXXZ). [D:\projects\misis2023f-23-check\misis2024s-23-09-gumirov-m-r\build.check\prj.test\test_mathvector.vcxproj]
    23>D:\projects\misis2023f-23-check\misis2024s-23-09-gumirov-m-r\prj.check\prj.check\doctest_stacklst\doctest_stacklst.cpp(22,3): error C2065: StackLst: необъявленный идентификатор [D:\projects\misis2023f-23-check\misis2024s-23-09-gumirov-m-r\build.check\prj.check\prj.check\doctest_stacklst\doctest_stacklst.vcxproj]
    26>D:\projects\misis2023f-23-check\misis2024s-23-09-gumirov-m-r\prj.check\prj.check\doctest_stacklst\doctest_stacklst_moveable.cpp(12,1): error C2065: StackLst: необъявленный идентификатор [D:\projects\misis2023f-23-check\misis2024s-23-09-gumirov-m-r\build.check\prj.check\prj.check\doctest_stacklst\doctest_stacklst_m.vcxproj]
    31>test_mathvector.obj : error LNK2019: ссылка на неразрешенный внешний символ "public: int __cdecl MathVector<2>::getBack(void)" (?getBack@?$MathVector@$01@@QEAAHXZ) в функции "void __cdecl DOCTEST_ANON_FUNC_15(void)" (?DOCTEST_ANON_FUNC_15@@YAXXZ). [D:\projects\misis2023f-23-check\misis2024s-23-09-gumirov-m-r\build.check\prj.test\test_mathvector.vcxproj]
    23>D:\projects\misis2023f-23-check\misis2024s-23-09-gumirov-m-r\prj.check\prj.check\doctest_stacklst\doctest_stacklst.cpp(22,12): error C2146: синтаксическая ошибка: отсутствие ";" перед идентификатором "st_orig" [D:\projects\misis2023f-23-check\misis2024s-23-09-gumirov-m-r\build.check\prj.check\prj.check\doctest_stacklst\doctest_stacklst.vcxproj]
    23>D:\projects\misis2023f-23-check\misis2024s-23-09-gumirov-m-r\prj.check\prj.check\doctest_stacklst\doctest_stacklst.cpp(22,12): error C2065: st_orig: необъявленный идентификатор [D:\projects\misis2023f-23-check\misis2024s-23-09-gumirov-m-r\build.check\prj.check\prj.check\doctest_stacklst\doctest_stacklst.vcxproj]
    31>test_mathvector.obj : error LNK2019: ссылка на неразрешенный внешний символ "public: bool __cdecl MathVector<2>::operator==(class MathVector<2> const &)" (??8?$MathVector@$01@@QEAA_NAEBV0@@Z) в функции "void __cdecl DOCTEST_ANON_FUNC_15(void)" (?DOCTEST_ANON_FUNC_15@@YAXXZ). [D:\projects\misis2023f-23-check\misis2024s-23-09-gumirov-m-r\build.check\prj.test\test_mathvector.vcxproj]
    26>D:\projects\misis2023f-23-check\misis2024s-23-09-gumirov-m-r\prj.check\prj.check\doctest_stacklst\doctest_stacklst_moveable.cpp(12,1): error C3544: "Types": пакет параметров ожидает аргумент шаблона типа [D:\projects\misis2023f-23-check\misis2024s-23-09-gumirov-m-r\build.check\prj.check\prj.check\doctest_stacklst\doctest_stacklst_m.vcxproj]
    31>test_mathvector.obj : error LNK2019: ссылка на неразрешенный внешний символ "public: bool __cdecl MathVector<2>::operator!=(class MathVector<2> const &)" (??9?$MathVector@$01@@QEAA_NAEBV0@@Z) в функции "void __cdecl DOCTEST_ANON_FUNC_15(void)" (?DOCTEST_ANON_FUNC_15@@YAXXZ). [D:\projects\misis2023f-23-check\misis2024s-23-09-gumirov-m-r\build.check\prj.test\test_mathvector.vcxproj]
    26>D:\projects\misis2023f-23-check\misis2024s-23-09-gumirov-m-r\prj.check\prj.check\doctest_stacklst\doctest_stacklst_moveable.cpp(12,1): error C3203: "tuple": неспециализированный класс шаблон нельзя использовать в качестве аргумента шаблон для параметра шаблон "Tuple", требуется действительный тип [D:\projects\misis2023f-23-check\misis2024s-23-09-gumirov-m-r\build.check\prj.check\prj.check\doctest_stacklst\doctest_stacklst_m.vcxproj]
    26>D:\projects\misis2023f-23-check\misis2024s-23-09-gumirov-m-r\prj.check\prj.check\doctest_stacklst\doctest_stacklst_moveable.cpp(12,1): error C2027: использование неопределенного типа "`anonymous-namespace'::test_movable_op_eqITERATOR<int>" [D:\projects\misis2023f-23-check\misis2024s-23-09-gumirov-m-r\build.check\prj.check\prj.check\doctest_stacklst\doctest_stacklst_m.vcxproj]
    26>D:\projects\misis2023f-23-check\misis2024s-23-09-gumirov-m-r\prj.check\prj.check\doctest_stacklst\doctest_stacklst_moveable.cpp(12,1): error C2672: "doctest::detail::instantiationHelper": не найдена соответствующая перегруженная функция [D:\projects\misis2023f-23-check\misis2024s-23-09-gumirov-m-r\build.check\prj.check\prj.check\doctest_stacklst\doctest_stacklst_m.vcxproj]
    26>D:\projects\misis2023f-23-check\misis2024s-23-09-gumirov-m-r\prj.check\prj.check\doctest_stacklst\doctest_stacklst_moveable.cpp(12,1): error C2660: doctest::detail::consume: функция не принимает 1 аргументов [D:\projects\misis2023f-23-check\misis2024s-23-09-gumirov-m-r\build.check\prj.check\prj.check\doctest_stacklst\doctest_stacklst_m.vcxproj]
    26>D:\projects\misis2023f-23-check\misis2024s-23-09-gumirov-m-r\prj.check\prj.check\doctest_stacklst\doctest_stacklst_moveable.cpp(16,3): error C2065: StackLst: необъявленный идентификатор [D:\projects\misis2023f-23-check\misis2024s-23-09-gumirov-m-r\build.check\prj.check\prj.check\doctest_stacklst\doctest_stacklst_m.vcxproj]
    26>D:\projects\misis2023f-23-check\misis2024s-23-09-gumirov-m-r\prj.check\prj.check\doctest_stacklst\doctest_stacklst_moveable.cpp(16,12): error C2146: синтаксическая ошибка: отсутствие ";" перед идентификатором "st0" [D:\projects\misis2023f-23-check\misis2024s-23-09-gumirov-m-r\build.check\prj.check\prj.check\doctest_stacklst\doctest_stacklst_m.vcxproj]
    26>D:\projects\misis2023f-23-check\misis2024s-23-09-gumirov-m-r\prj.check\prj.check\doctest_stacklst\doctest_stacklst_moveable.cpp(16,12): error C2065: st0: необъявленный идентификатор [D:\projects\misis2023f-23-check\misis2024s-23-09-gumirov-m-r\build.check\prj.check\prj.check\doctest_stacklst\doctest_stacklst_m.vcxproj]
    26>D:\projects\misis2023f-23-check\misis2024s-23-09-gumirov-m-r\prj.check\prj.check\doctest_stacklst\doctest_stacklst_moveable.cpp(17,3): error C2065: st0: необъявленный идентификатор [D:\projects\misis2023f-23-check\misis2024s-23-09-gumirov-m-r\build.check\prj.check\prj.check\doctest_stacklst\doctest_stacklst_m.vcxproj]
    26>D:\projects\misis2023f-23-check\misis2024s-23-09-gumirov-m-r\prj.check\prj.check\doctest_stacklst\doctest_stacklst_moveable.cpp(18,3): error C2065: StackLst: необъявленный идентификатор [D:\projects\misis2023f-23-check\misis2024s-23-09-gumirov-m-r\build.check\prj.check\prj.check\doctest_stacklst\doctest_stacklst_m.vcxproj]
    26>D:\projects\misis2023f-23-check\misis2024s-23-09-gumirov-m-r\prj.check\prj.check\doctest_stacklst\doctest_stacklst_moveable.cpp(18,12): error C2146: синтаксическая ошибка: отсутствие ";" перед идентификатором "st" [D:\projects\misis2023f-23-check\misis2024s-23-09-gumirov-m-r\build.check\prj.check\prj.check\doctest_stacklst\doctest_stacklst_m.vcxproj]
    26>D:\projects\misis2023f-23-check\misis2024s-23-09-gumirov-m-r\prj.check\prj.check\doctest_stacklst\doctest_stacklst_moveable.cpp(18,12): error C2065: st: необъявленный идентификатор [D:\projects\misis2023f-23-check\misis2024s-23-09-gumirov-m-r\build.check\prj.check\prj.check\doctest_stacklst\doctest_stacklst_m.vcxproj]
    26>D:\projects\misis2023f-23-check\misis2024s-23-09-gumirov-m-r\prj.check\prj.check\doctest_stacklst\doctest_stacklst_moveable.cpp(18,27): error C2065: st0: необъявленный идентификатор [D:\projects\misis2023f-23-check\misis2024s-23-09-gumirov-m-r\build.check\prj.check\prj.check\doctest_stacklst\doctest_stacklst_m.vcxproj]
    26>D:\projects\misis2023f-23-check\misis2024s-23-09-gumirov-m-r\prj.check\prj.check\doctest_stacklst\doctest_stacklst_moveable.cpp(19,3): error C2065: st0: необъявленный идентификатор [D:\projects\misis2023f-23-check\misis2024s-23-09-gumirov-m-r\build.check\prj.check\prj.check\doctest_stacklst\doctest_stacklst_m.vcxproj]
    26>D:\projects\misis2023f-23-check\misis2024s-23-09-gumirov-m-r\prj.check\prj.check\doctest_stacklst\doctest_stacklst_moveable.cpp(20,3): error C2065: st0: необъявленный идентификатор [D:\projects\misis2023f-23-check\misis2024s-23-09-gumirov-m-r\build.check\prj.check\prj.check\doctest_stacklst\doctest_stacklst_m.vcxproj]
    26>D:\projects\misis2023f-23-check\misis2024s-23-09-gumirov-m-r\prj.check\prj.check\doctest_stacklst\doctest_stacklst_moveable.cpp(20,3): error C2065: st: необъявленный идентификатор [D:\projects\misis2023f-23-check\misis2024s-23-09-gumirov-m-r\build.check\prj.check\prj.check\doctest_stacklst\doctest_stacklst_m.vcxproj]
    26>D:\projects\misis2023f-23-check\misis2024s-23-09-gumirov-m-r\prj.check\prj.check\doctest_stacklst\doctest_stacklst_moveable.cpp(21,3): error C2065: st: необъявленный идентификатор [D:\projects\misis2023f-23-check\misis2024s-23-09-gumirov-m-r\build.check\prj.check\prj.check\doctest_stacklst\doctest_stacklst_m.vcxproj]
    26>D:\projects\misis2023f-23-check\misis2024s-23-09-gumirov-m-r\prj.check\prj.check\doctest_stacklst\doctest_stacklst_moveable.cpp(21,18): error C2065: st0: необъявленный идентификатор [D:\projects\misis2023f-23-check\misis2024s-23-09-gumirov-m-r\build.check\prj.check\prj.check\doctest_stacklst\doctest_stacklst_m.vcxproj]
    26>D:\projects\misis2023f-23-check\misis2024s-23-09-gumirov-m-r\prj.check\prj.check\doctest_stacklst\doctest_stacklst_moveable.cpp(22,3): error C2065: st0: необъявленный идентификатор [D:\projects\misis2023f-23-check\misis2024s-23-09-gumirov-m-r\build.check\prj.check\prj.check\doctest_stacklst\doctest_stacklst_m.vcxproj]
    26>D:\projects\misis2023f-23-check\misis2024s-23-09-gumirov-m-r\prj.check\prj.check\doctest_stacklst\doctest_stacklst_moveable.cpp(23,3): error C2065: st0: необъявленный идентификатор [D:\projects\misis2023f-23-check\misis2024s-23-09-gumirov-m-r\build.check\prj.check\prj.check\doctest_stacklst\doctest_stacklst_m.vcxproj]
    26>D:\projects\misis2023f-23-check\misis2024s-23-09-gumirov-m-r\prj.check\prj.check\doctest_stacklst\doctest_stacklst_moveable.cpp(23,3): error C2065: st: необъявленный идентификатор [D:\projects\misis2023f-23-check\misis2024s-23-09-gumirov-m-r\build.check\prj.check\prj.check\doctest_stacklst\doctest_stacklst_m.vcxproj]
    23>D:\projects\misis2023f-23-check\misis2024s-23-09-gumirov-m-r\prj.check\prj.check\doctest_stacklst\doctest_stacklst.cpp(23,3): error C2065: st_orig: необъявленный идентификатор [D:\projects\misis2023f-23-check\misis2024s-23-09-gumirov-m-r\build.check\prj.check\prj.check\doctest_stacklst\doctest_stacklst.vcxproj]
    31>test_mathvector.obj : error LNK2019: ссылка на неразрешенный внешний символ "public: bool __cdecl MathVector<2>::empty(void)" (?empty@?$MathVector@$01@@QEAA_NXZ) в функции "void __cdecl DOCTEST_ANON_FUNC_15(void)" (?DOCTEST_ANON_FUNC_15@@YAXXZ). [D:\projects\misis2023f-23-check\misis2024s-23-09-gumirov-m-r\build.check\prj.test\test_mathvector.vcxproj]
    31>test_mathvector.obj : error LNK2019: ссылка на неразрешенный внешний символ "public: __cdecl MathVector<2>::~MathVector<2>(void)" (??1?$MathVector@$01@@QEAA@XZ) в функции "void __cdecl DOCTEST_ANON_FUNC_15(void)" (?DOCTEST_ANON_FUNC_15@@YAXXZ). [D:\projects\misis2023f-23-check\misis2024s-23-09-gumirov-m-r\build.check\prj.test\test_mathvector.vcxproj]
    23>D:\projects\misis2023f-23-check\misis2024s-23-09-gumirov-m-r\prj.check\prj.check\doctest_stacklst\doctest_stacklst.cpp(23,16): error C2065: Complex: необъявленный идентификатор [D:\projects\misis2023f-23-check\misis2024s-23-09-gumirov-m-r\build.check\prj.check\prj.check\doctest_stacklst\doctest_stacklst.vcxproj]
    31>D:\projects\misis2023f-23-check\misis2024s-23-09-gumirov-m-r\bin.rel\test_mathvector.exe : fatal error LNK1120: неразрешенных внешних элементов: 11 [D:\projects\misis2023f-23-check\misis2024s-23-09-gumirov-m-r\build.check\prj.test\test_mathvector.vcxproj]
    23>D:\projects\misis2023f-23-check\misis2024s-23-09-gumirov-m-r\prj.check\prj.check\doctest_stacklst\doctest_stacklst.cpp(24,3): error C2065: st_orig: необъявленный идентификатор [D:\projects\misis2023f-23-check\misis2024s-23-09-gumirov-m-r\build.check\prj.check\prj.check\doctest_stacklst\doctest_stacklst.vcxproj]
    23>D:\projects\misis2023f-23-check\misis2024s-23-09-gumirov-m-r\prj.check\prj.check\doctest_stacklst\doctest_stacklst.cpp(25,3): error C2065: st_orig: необъявленный идентификатор [D:\projects\misis2023f-23-check\misis2024s-23-09-gumirov-m-r\build.check\prj.check\prj.check\doctest_stacklst\doctest_stacklst.vcxproj]
    23>D:\projects\misis2023f-23-check\misis2024s-23-09-gumirov-m-r\prj.check\prj.check\doctest_stacklst\doctest_stacklst.cpp(26,3): error C2065: st_orig: необъявленный идентификатор [D:\projects\misis2023f-23-check\misis2024s-23-09-gumirov-m-r\build.check\prj.check\prj.check\doctest_stacklst\doctest_stacklst.vcxproj]
    23>D:\projects\misis2023f-23-check\misis2024s-23-09-gumirov-m-r\prj.check\prj.check\doctest_stacklst\doctest_stacklst.cpp(27,3): error C2065: StackLst: необъявленный идентификатор [D:\projects\misis2023f-23-check\misis2024s-23-09-gumirov-m-r\build.check\prj.check\prj.check\doctest_stacklst\doctest_stacklst.vcxproj]
    23>D:\projects\misis2023f-23-check\misis2024s-23-09-gumirov-m-r\prj.check\prj.check\doctest_stacklst\doctest_stacklst.cpp(27,12): error C2146: синтаксическая ошибка: отсутствие ";" перед идентификатором "st_src" [D:\projects\misis2023f-23-check\misis2024s-23-09-gumirov-m-r\build.check\prj.check\prj.check\doctest_stacklst\doctest_stacklst.vcxproj]
    23>D:\projects\misis2023f-23-check\misis2024s-23-09-gumirov-m-r\prj.check\prj.check\doctest_stacklst\doctest_stacklst.cpp(27,12): error C2065: st_src: необъявленный идентификатор [D:\projects\misis2023f-23-check\misis2024s-23-09-gumirov-m-r\build.check\prj.check\prj.check\doctest_stacklst\doctest_stacklst.vcxproj]
    23>D:\projects\misis2023f-23-check\misis2024s-23-09-gumirov-m-r\prj.check\prj.check\doctest_stacklst\doctest_stacklst.cpp(29,5): error C2065: st_src: необъявленный идентификатор [D:\projects\misis2023f-23-check\misis2024s-23-09-gumirov-m-r\build.check\prj.check\prj.check\doctest_stacklst\doctest_stacklst.vcxproj]
    23>D:\projects\misis2023f-23-check\misis2024s-23-09-gumirov-m-r\prj.check\prj.check\doctest_stacklst\doctest_stacklst.cpp(31,3): error C2065: st_src: необъявленный идентификатор [D:\projects\misis2023f-23-check\misis2024s-23-09-gumirov-m-r\build.check\prj.check\prj.check\doctest_stacklst\doctest_stacklst.vcxproj]
    23>D:\projects\misis2023f-23-check\misis2024s-23-09-gumirov-m-r\prj.check\prj.check\doctest_stacklst\doctest_stacklst.cpp(32,3): error C2065: st_orig: необъявленный идентификатор [D:\projects\misis2023f-23-check\misis2024s-23-09-gumirov-m-r\build.check\prj.check\prj.check\doctest_stacklst\doctest_stacklst.vcxproj]
    23>D:\projects\misis2023f-23-check\misis2024s-23-09-gumirov-m-r\prj.check\prj.check\doctest_stacklst\doctest_stacklst.cpp(32,13): error C2065: st_src: необъявленный идентификатор [D:\projects\misis2023f-23-check\misis2024s-23-09-gumirov-m-r\build.check\prj.check\prj.check\doctest_stacklst\doctest_stacklst.vcxproj]
    23>D:\projects\misis2023f-23-check\misis2024s-23-09-gumirov-m-r\prj.check\prj.check\doctest_stacklst\doctest_stacklst.cpp(36,3): error C2065: StackLst: необъявленный идентификатор [D:\projects\misis2023f-23-check\misis2024s-23-09-gumirov-m-r\build.check\prj.check\prj.check\doctest_stacklst\doctest_stacklst.vcxproj]
    23>D:\projects\misis2023f-23-check\misis2024s-23-09-gumirov-m-r\prj.check\prj.check\doctest_stacklst\doctest_stacklst.cpp(36,12): error C2146: синтаксическая ошибка: отсутствие ";" перед идентификатором "st_orig" [D:\projects\misis2023f-23-check\misis2024s-23-09-gumirov-m-r\build.check\prj.check\prj.check\doctest_stacklst\doctest_stacklst.vcxproj]
    23>D:\projects\misis2023f-23-check\misis2024s-23-09-gumirov-m-r\prj.check\prj.check\doctest_stacklst\doctest_stacklst.cpp(36,12): error C2065: st_orig: необъявленный идентификатор [D:\projects\misis2023f-23-check\misis2024s-23-09-gumirov-m-r\build.check\prj.check\prj.check\doctest_stacklst\doctest_stacklst.vcxproj]
    23>D:\projects\misis2023f-23-check\misis2024s-23-09-gumirov-m-r\prj.check\prj.check\doctest_stacklst\doctest_stacklst.cpp(37,3): error C2065: StackLst: необъявленный идентификатор [D:\projects\misis2023f-23-check\misis2024s-23-09-gumirov-m-r\build.check\prj.check\prj.check\doctest_stacklst\doctest_stacklst.vcxproj]
    23>D:\projects\misis2023f-23-check\misis2024s-23-09-gumirov-m-r\prj.check\prj.check\doctest_stacklst\doctest_stacklst.cpp(37,12): error C2146: синтаксическая ошибка: отсутствие ";" перед идентификатором "st_empty" [D:\projects\misis2023f-23-check\misis2024s-23-09-gumirov-m-r\build.check\prj.check\prj.check\doctest_stacklst\doctest_stacklst.vcxproj]
    23>D:\projects\misis2023f-23-check\misis2024s-23-09-gumirov-m-r\prj.check\prj.check\doctest_stacklst\doctest_stacklst.cpp(37,21): error C2065: st_orig: необъявленный идентификатор [D:\projects\misis2023f-23-check\misis2024s-23-09-gumirov-m-r\build.check\prj.check\prj.check\doctest_stacklst\doctest_stacklst.vcxproj]
    23>D:\projects\misis2023f-23-check\misis2024s-23-09-gumirov-m-r\prj.check\prj.check\doctest_stacklst\doctest_stacklst.cpp(37,12): error C3861: st_empty: идентификатор не найден [D:\projects\misis2023f-23-check\misis2024s-23-09-gumirov-m-r\build.check\prj.check\prj.check\doctest_stacklst\doctest_stacklst.vcxproj]
    23>D:\projects\misis2023f-23-check\misis2024s-23-09-gumirov-m-r\prj.check\prj.check\doctest_stacklst\doctest_stacklst.cpp(38,3): error C2065: st_empty: необъявленный идентификатор [D:\projects\misis2023f-23-check\misis2024s-23-09-gumirov-m-r\build.check\prj.check\prj.check\doctest_stacklst\doctest_stacklst.vcxproj]
    23>D:\projects\misis2023f-23-check\misis2024s-23-09-gumirov-m-r\prj.check\prj.check\doctest_stacklst\doctest_stacklst.cpp(41,5): error C2065: st_orig: необъявленный идентификатор [D:\projects\misis2023f-23-check\misis2024s-23-09-gumirov-m-r\build.check\prj.check\prj.check\doctest_stacklst\doctest_stacklst.vcxproj]
    23>D:\projects\misis2023f-23-check\misis2024s-23-09-gumirov-m-r\prj.check\prj.check\doctest_stacklst\doctest_stacklst.cpp(41,18): error C2065: Complex: необъявленный идентификатор [D:\projects\misis2023f-23-check\misis2024s-23-09-gumirov-m-r\build.check\prj.check\prj.check\doctest_stacklst\doctest_stacklst.vcxproj]
    23>D:\projects\misis2023f-23-check\misis2024s-23-09-gumirov-m-r\prj.check\prj.check\doctest_stacklst\doctest_stacklst.cpp(43,3): error C2065: StackLst: необъявленный идентификатор [D:\projects\misis2023f-23-check\misis2024s-23-09-gumirov-m-r\build.check\prj.check\prj.check\doctest_stacklst\doctest_stacklst.vcxproj]
    23>D:\projects\misis2023f-23-check\misis2024s-23-09-gumirov-m-r\prj.check\prj.check\doctest_stacklst\doctest_stacklst.cpp(43,12): error C2146: синтаксическая ошибка: отсутствие ";" перед идентификатором "st_copy" [D:\projects\misis2023f-23-check\misis2024s-23-09-gumirov-m-r\build.check\prj.check\prj.check\doctest_stacklst\doctest_stacklst.vcxproj]
    23>D:\projects\misis2023f-23-check\misis2024s-23-09-gumirov-m-r\prj.check\prj.check\doctest_stacklst\doctest_stacklst.cpp(43,20): error C2065: st_orig: необъявленный идентификатор [D:\projects\misis2023f-23-check\misis2024s-23-09-gumirov-m-r\build.check\prj.check\prj.check\doctest_stacklst\doctest_stacklst.vcxproj]
    23>D:\projects\misis2023f-23-check\misis2024s-23-09-gumirov-m-r\prj.check\prj.check\doctest_stacklst\doctest_stacklst.cpp(43,12): error C3861: st_copy: идентификатор не найден [D:\projects\misis2023f-23-check\misis2024s-23-09-gumirov-m-r\build.check\prj.check\prj.check\doctest_stacklst\doctest_stacklst.vcxproj]
    23>D:\projects\misis2023f-23-check\misis2024s-23-09-gumirov-m-r\prj.check\prj.check\doctest_stacklst\doctest_stacklst.cpp(44,3): error C2065: st_orig: необъявленный идентификатор [D:\projects\misis2023f-23-check\misis2024s-23-09-gumirov-m-r\build.check\prj.check\prj.check\doctest_stacklst\doctest_stacklst.vcxproj]
    23>D:\projects\misis2023f-23-check\misis2024s-23-09-gumirov-m-r\prj.check\prj.check\doctest_stacklst\doctest_stacklst.cpp(44,3): error C2065: st_copy: необъявленный идентификатор [D:\projects\misis2023f-23-check\misis2024s-23-09-gumirov-m-r\build.check\prj.check\prj.check\doctest_stacklst\doctest_stacklst.vcxproj]
    23>D:\projects\misis2023f-23-check\misis2024s-23-09-gumirov-m-r\prj.check\prj.check\doctest_stacklst\doctest_stacklst.cpp(44,3): error C2672: "doctest::detail::ResultBuilder::binary_assert": не найдена соответствующая перегруженная функция [D:\projects\misis2023f-23-check\misis2024s-23-09-gumirov-m-r\build.check\prj.check\prj.check\doctest_stacklst\doctest_stacklst.vcxproj]
    23>D:\projects\misis2023f-23-check\misis2024s-23-09-gumirov-m-r\prj.check\prj.check\doctest_stacklst\doctest_stacklst.cpp(45,11): error C2065: st_orig: необъявленный идентификатор [D:\projects\misis2023f-23-check\misis2024s-23-09-gumirov-m-r\build.check\prj.check\prj.check\doctest_stacklst\doctest_stacklst.vcxproj]
    23>D:\projects\misis2023f-23-check\misis2024s-23-09-gumirov-m-r\prj.check\prj.check\doctest_stacklst\doctest_stacklst.cpp(46,5): error C2065: st_orig: необъявленный идентификатор [D:\projects\misis2023f-23-check\misis2024s-23-09-gumirov-m-r\build.check\prj.check\prj.check\doctest_stacklst\doctest_stacklst.vcxproj]
    23>D:\projects\misis2023f-23-check\misis2024s-23-09-gumirov-m-r\prj.check\prj.check\doctest_stacklst\doctest_stacklst.cpp(46,5): error C2065: st_copy: необъявленный идентификатор [D:\projects\misis2023f-23-check\misis2024s-23-09-gumirov-m-r\build.check\prj.check\prj.check\doctest_stacklst\doctest_stacklst.vcxproj]
    23>D:\projects\misis2023f-23-check\misis2024s-23-09-gumirov-m-r\prj.check\prj.check\doctest_stacklst\doctest_stacklst.cpp(46,5): error C2672: "doctest::detail::ResultBuilder::binary_assert": не найдена соответствующая перегруженная функция [D:\projects\misis2023f-23-check\misis2024s-23-09-gumirov-m-r\build.check\prj.check\prj.check\doctest_stacklst\doctest_stacklst.vcxproj]
    23>D:\projects\misis2023f-23-check\misis2024s-23-09-gumirov-m-r\prj.check\prj.check\doctest_stacklst\doctest_stacklst.cpp(47,5): error C2065: st_orig: необъявленный идентификатор [D:\projects\misis2023f-23-check\misis2024s-23-09-gumirov-m-r\build.check\prj.check\prj.check\doctest_stacklst\doctest_stacklst.vcxproj]
    23>D:\projects\misis2023f-23-check\misis2024s-23-09-gumirov-m-r\prj.check\prj.check\doctest_stacklst\doctest_stacklst.cpp(48,10): error C2065: st_orig: необъявленный идентификатор [D:\projects\misis2023f-23-check\misis2024s-23-09-gumirov-m-r\build.check\prj.check\prj.check\doctest_stacklst\doctest_stacklst.vcxproj]
    23>D:\projects\misis2023f-23-check\misis2024s-23-09-gumirov-m-r\prj.check\prj.check\doctest_stacklst\doctest_stacklst.cpp(49,7): error C2065: st_orig: необъявленный идентификатор [D:\projects\misis2023f-23-check\misis2024s-23-09-gumirov-m-r\build.check\prj.check\prj.check\doctest_stacklst\doctest_stacklst.vcxproj]
    23>D:\projects\misis2023f-23-check\misis2024s-23-09-gumirov-m-r\prj.check\prj.check\doctest_stacklst\doctest_stacklst.cpp(49,7): error C2065: st_copy: необъявленный идентификатор [D:\projects\misis2023f-23-check\misis2024s-23-09-gumirov-m-r\build.check\prj.check\prj.check\doctest_stacklst\doctest_stacklst.vcxproj]
    23>D:\projects\misis2023f-23-check\misis2024s-23-09-gumirov-m-r\prj.check\prj.check\doctest_stacklst\doctest_stacklst.cpp(49,7): error C2672: "doctest::detail::ResultBuilder::binary_assert": не найдена соответствующая перегруженная функция [D:\projects\misis2023f-23-check\misis2024s-23-09-gumirov-m-r\build.check\prj.check\prj.check\doctest_stacklst\doctest_stacklst.vcxproj]
    23>D:\projects\misis2023f-23-check\misis2024s-23-09-gumirov-m-r\prj.check\prj.check\doctest_stacklst\doctest_stacklst.cpp(51,5): error C2065: st_copy: необъявленный идентификатор [D:\projects\misis2023f-23-check\misis2024s-23-09-gumirov-m-r\build.check\prj.check\prj.check\doctest_stacklst\doctest_stacklst.vcxproj]
    23>D:\projects\misis2023f-23-check\misis2024s-23-09-gumirov-m-r\prj.check\prj.check\doctest_stacklst\doctest_stacklst.cpp(52,10): error C2065: st_copy: необъявленный идентификатор [D:\projects\misis2023f-23-check\misis2024s-23-09-gumirov-m-r\build.check\prj.check\prj.check\doctest_stacklst\doctest_stacklst.vcxproj]
    23>D:\projects\misis2023f-23-check\misis2024s-23-09-gumirov-m-r\prj.check\prj.check\doctest_stacklst\doctest_stacklst.cpp(53,7): error C2065: st_orig: необъявленный идентификатор [D:\projects\misis2023f-23-check\misis2024s-23-09-gumirov-m-r\build.check\prj.check\prj.check\doctest_stacklst\doctest_stacklst.vcxproj]
    23>D:\projects\misis2023f-23-check\misis2024s-23-09-gumirov-m-r\prj.check\prj.check\doctest_stacklst\doctest_stacklst.cpp(53,7): error C2065: st_copy: необъявленный идентификатор [D:\projects\misis2023f-23-check\misis2024s-23-09-gumirov-m-r\build.check\prj.check\prj.check\doctest_stacklst\doctest_stacklst.vcxproj]
    23>D:\projects\misis2023f-23-check\misis2024s-23-09-gumirov-m-r\prj.check\prj.check\doctest_stacklst\doctest_stacklst.cpp(53,7): error C2672: "doctest::detail::ResultBuilder::binary_assert": не найдена соответствующая перегруженная функция [D:\projects\misis2023f-23-check\misis2024s-23-09-gumirov-m-r\build.check\prj.check\prj.check\doctest_stacklst\doctest_stacklst.vcxproj]
    23>D:\projects\misis2023f-23-check\misis2024s-23-09-gumirov-m-r\prj.check\prj.check\doctest_stacklst\doctest_stacklst.cpp(59,3): error C2065: StackLst: необъявленный идентификатор [D:\projects\misis2023f-23-check\misis2024s-23-09-gumirov-m-r\build.check\prj.check\prj.check\doctest_stacklst\doctest_stacklst.vcxproj]
    23>D:\projects\misis2023f-23-check\misis2024s-23-09-gumirov-m-r\prj.check\prj.check\doctest_stacklst\doctest_stacklst.cpp(59,12): error C2146: синтаксическая ошибка: отсутствие ";" перед идентификатором "st_orig" [D:\projects\misis2023f-23-check\misis2024s-23-09-gumirov-m-r\build.check\prj.check\prj.check\doctest_stacklst\doctest_stacklst.vcxproj]
    23>D:\projects\misis2023f-23-check\misis2024s-23-09-gumirov-m-r\prj.check\prj.check\doctest_stacklst\doctest_stacklst.cpp(59,12): error C2065: st_orig: необъявленный идентификатор [D:\projects\misis2023f-23-check\misis2024s-23-09-gumirov-m-r\build.check\prj.check\prj.check\doctest_stacklst\doctest_stacklst.vcxproj]
    23>D:\projects\misis2023f-23-check\misis2024s-23-09-gumirov-m-r\prj.check\prj.check\doctest_stacklst\doctest_stacklst.cpp(60,3): error C2065: StackLst: необъявленный идентификатор [D:\projects\misis2023f-23-check\misis2024s-23-09-gumirov-m-r\build.check\prj.check\prj.check\doctest_stacklst\doctest_stacklst.vcxproj]
    23>D:\projects\misis2023f-23-check\misis2024s-23-09-gumirov-m-r\prj.check\prj.check\doctest_stacklst\doctest_stacklst.cpp(60,12): error C2146: синтаксическая ошибка: отсутствие ";" перед идентификатором "st_empty" [D:\projects\misis2023f-23-check\misis2024s-23-09-gumirov-m-r\build.check\prj.check\prj.check\doctest_stacklst\doctest_stacklst.vcxproj]
    23>D:\projects\misis2023f-23-check\misis2024s-23-09-gumirov-m-r\prj.check\prj.check\doctest_stacklst\doctest_stacklst.cpp(60,12): error C2065: st_empty: необъявленный идентификатор [D:\projects\misis2023f-23-check\misis2024s-23-09-gumirov-m-r\build.check\prj.check\prj.check\doctest_stacklst\doctest_stacklst.vcxproj]
    23>D:\projects\misis2023f-23-check\misis2024s-23-09-gumirov-m-r\prj.check\prj.check\doctest_stacklst\doctest_stacklst.cpp(61,3): error C2065: st_empty: необъявленный идентификатор [D:\projects\misis2023f-23-check\misis2024s-23-09-gumirov-m-r\build.check\prj.check\prj.check\doctest_stacklst\doctest_stacklst.vcxproj]
    23>D:\projects\misis2023f-23-check\misis2024s-23-09-gumirov-m-r\prj.check\prj.check\doctest_stacklst\doctest_stacklst.cpp(61,14): error C2065: st_orig: необъявленный идентификатор [D:\projects\misis2023f-23-check\misis2024s-23-09-gumirov-m-r\build.check\prj.check\prj.check\doctest_stacklst\doctest_stacklst.vcxproj]
    23>D:\projects\misis2023f-23-check\misis2024s-23-09-gumirov-m-r\prj.check\prj.check\doctest_stacklst\doctest_stacklst.cpp(62,3): error C2065: st_empty: необъявленный идентификатор [D:\projects\misis2023f-23-check\misis2024s-23-09-gumirov-m-r\build.check\prj.check\prj.check\doctest_stacklst\doctest_stacklst.vcxproj]
    23>D:\projects\misis2023f-23-check\misis2024s-23-09-gumirov-m-r\prj.check\prj.check\doctest_stacklst\doctest_stacklst.cpp(64,5): error C2065: st_orig: необъявленный идентификатор [D:\projects\misis2023f-23-check\misis2024s-23-09-gumirov-m-r\build.check\prj.check\prj.check\doctest_stacklst\doctest_stacklst.vcxproj]
    23>D:\projects\misis2023f-23-check\misis2024s-23-09-gumirov-m-r\prj.check\prj.check\doctest_stacklst\doctest_stacklst.cpp(64,18): error C2065: Complex: необъявленный идентификатор [D:\projects\misis2023f-23-check\misis2024s-23-09-gumirov-m-r\build.check\prj.check\prj.check\doctest_stacklst\doctest_stacklst.vcxproj]
    23>D:\projects\misis2023f-23-check\misis2024s-23-09-gumirov-m-r\prj.check\prj.check\doctest_stacklst\doctest_stacklst.cpp(66,3): error C2065: st_orig: необъявленный идентификатор [D:\projects\misis2023f-23-check\misis2024s-23-09-gumirov-m-r\build.check\prj.check\prj.check\doctest_stacklst\doctest_stacklst.vcxproj]
    23>D:\projects\misis2023f-23-check\misis2024s-23-09-gumirov-m-r\prj.check\prj.check\doctest_stacklst\doctest_stacklst.cpp(67,3): error C2065: st_orig: необъявленный идентификатор [D:\projects\misis2023f-23-check\misis2024s-23-09-gumirov-m-r\build.check\prj.check\prj.check\doctest_stacklst\doctest_stacklst.vcxproj]
    23>D:\projects\misis2023f-23-check\misis2024s-23-09-gumirov-m-r\prj.check\prj.check\doctest_stacklst\doctest_stacklst.cpp(67,13): error C2065: st_empty: необъявленный идентификатор [D:\projects\misis2023f-23-check\misis2024s-23-09-gumirov-m-r\build.check\prj.check\prj.check\doctest_stacklst\doctest_stacklst.vcxproj]
    23>D:\projects\misis2023f-23-check\misis2024s-23-09-gumirov-m-r\prj.check\prj.check\doctest_stacklst\doctest_stacklst.cpp(68,3): error C2065: st_orig: необъявленный идентификатор [D:\projects\misis2023f-23-check\misis2024s-23-09-gumirov-m-r\build.check\prj.check\prj.check\doctest_stacklst\doctest_stacklst.vcxproj]
    23>D:\projects\misis2023f-23-check\misis2024s-23-09-gumirov-m-r\prj.check\prj.check\doctest_stacklst\doctest_stacklst.cpp(70,5): error C2065: st_orig: необъявленный идентификатор [D:\projects\misis2023f-23-check\misis2024s-23-09-gumirov-m-r\build.check\prj.check\prj.check\doctest_stacklst\doctest_stacklst.vcxproj]
    23>D:\projects\misis2023f-23-check\misis2024s-23-09-gumirov-m-r\prj.check\prj.check\doctest_stacklst\doctest_stacklst.cpp(70,18): error C2065: Complex: необъявленный идентификатор [D:\projects\misis2023f-23-check\misis2024s-23-09-gumirov-m-r\build.check\prj.check\prj.check\doctest_stacklst\doctest_stacklst.vcxproj]
    23>D:\projects\misis2023f-23-check\misis2024s-23-09-gumirov-m-r\prj.check\prj.check\doctest_stacklst\doctest_stacklst.cpp(72,3): error C2065: st_empty: необъявленный идентификатор [D:\projects\misis2023f-23-check\misis2024s-23-09-gumirov-m-r\build.check\prj.check\prj.check\doctest_stacklst\doctest_stacklst.vcxproj]
    23>D:\projects\misis2023f-23-check\misis2024s-23-09-gumirov-m-r\prj.check\prj.check\doctest_stacklst\doctest_stacklst.cpp(73,3): error C2065: st_empty: необъявленный идентификатор [D:\projects\misis2023f-23-check\misis2024s-23-09-gumirov-m-r\build.check\prj.check\prj.check\doctest_stacklst\doctest_stacklst.vcxproj]
    23>D:\projects\misis2023f-23-check\misis2024s-23-09-gumirov-m-r\prj.check\prj.check\doctest_stacklst\doctest_stacklst.cpp(74,3): error C2065: st_orig: необъявленный идентификатор [D:\projects\misis2023f-23-check\misis2024s-23-09-gumirov-m-r\build.check\prj.check\prj.check\doctest_stacklst\doctest_stacklst.vcxproj]
    23>D:\projects\misis2023f-23-check\misis2024s-23-09-gumirov-m-r\prj.check\prj.check\doctest_stacklst\doctest_stacklst.cpp(74,13): error C2065: st_empty: необъявленный идентификатор [D:\projects\misis2023f-23-check\misis2024s-23-09-gumirov-m-r\build.check\prj.check\prj.check\doctest_stacklst\doctest_stacklst.vcxproj]
    23>D:\projects\misis2023f-23-check\misis2024s-23-09-gumirov-m-r\prj.check\prj.check\doctest_stacklst\doctest_stacklst.cpp(75,3): error C2065: st_orig: необъявленный идентификатор [D:\projects\misis2023f-23-check\misis2024s-23-09-gumirov-m-r\build.check\prj.check\prj.check\doctest_stacklst\doctest_stacklst.vcxproj]
    23>D:\projects\misis2023f-23-check\misis2024s-23-09-gumirov-m-r\prj.check\prj.check\doctest_stacklst\doctest_stacklst.cpp(76,3): error C2065: st_orig: необъявленный идентификатор [D:\projects\misis2023f-23-check\misis2024s-23-09-gumirov-m-r\build.check\prj.check\prj.check\doctest_stacklst\doctest_stacklst.vcxproj]
    23>D:\projects\misis2023f-23-check\misis2024s-23-09-gumirov-m-r\prj.check\prj.check\doctest_stacklst\doctest_stacklst.cpp(77,3): error C2065: st_orig: необъявленный идентификатор [D:\projects\misis2023f-23-check\misis2024s-23-09-gumirov-m-r\build.check\prj.check\prj.check\doctest_stacklst\doctest_stacklst.vcxproj]
    23>D:\projects\misis2023f-23-check\misis2024s-23-09-gumirov-m-r\prj.check\prj.check\doctest_stacklst\doctest_stacklst.cpp(78,3): error C2065: st_orig: необъявленный идентификатор [D:\projects\misis2023f-23-check\misis2024s-23-09-gumirov-m-r\build.check\prj.check\prj.check\doctest_stacklst\doctest_stacklst.vcxproj]
    23>D:\projects\misis2023f-23-check\misis2024s-23-09-gumirov-m-r\prj.check\prj.check\doctest_stacklst\doctest_stacklst.cpp(82,5): error C2065: st_orig: необъявленный идентификатор [D:\projects\misis2023f-23-check\misis2024s-23-09-gumirov-m-r\build.check\prj.check\prj.check\doctest_stacklst\doctest_stacklst.vcxproj]
    23>D:\projects\misis2023f-23-check\misis2024s-23-09-gumirov-m-r\prj.check\prj.check\doctest_stacklst\doctest_stacklst.cpp(82,18): error C2065: Complex: необъявленный идентификатор [D:\projects\misis2023f-23-check\misis2024s-23-09-gumirov-m-r\build.check\prj.check\prj.check\doctest_stacklst\doctest_stacklst.vcxproj]
    23>D:\projects\misis2023f-23-check\misis2024s-23-09-gumirov-m-r\prj.check\prj.check\doctest_stacklst\doctest_stacklst.cpp(84,3): error C2065: StackLst: необъявленный идентификатор [D:\projects\misis2023f-23-check\misis2024s-23-09-gumirov-m-r\build.check\prj.check\prj.check\doctest_stacklst\doctest_stacklst.vcxproj]
    23>D:\projects\misis2023f-23-check\misis2024s-23-09-gumirov-m-r\prj.check\prj.check\doctest_stacklst\doctest_stacklst.cpp(84,12): error C2146: синтаксическая ошибка: отсутствие ";" перед идентификатором "st_copy" [D:\projects\misis2023f-23-check\misis2024s-23-09-gumirov-m-r\build.check\prj.check\prj.check\doctest_stacklst\doctest_stacklst.vcxproj]
    23>D:\projects\misis2023f-23-check\misis2024s-23-09-gumirov-m-r\prj.check\prj.check\doctest_stacklst\doctest_stacklst.cpp(84,12): error C2065: st_copy: необъявленный идентификатор [D:\projects\misis2023f-23-check\misis2024s-23-09-gumirov-m-r\build.check\prj.check\prj.check\doctest_stacklst\doctest_stacklst.vcxproj]
    23>D:\projects\misis2023f-23-check\misis2024s-23-09-gumirov-m-r\prj.check\prj.check\doctest_stacklst\doctest_stacklst.cpp(85,3): error C2065: st_copy: необъявленный идентификатор [D:\projects\misis2023f-23-check\misis2024s-23-09-gumirov-m-r\build.check\prj.check\prj.check\doctest_stacklst\doctest_stacklst.vcxproj]
    23>D:\projects\misis2023f-23-check\misis2024s-23-09-gumirov-m-r\prj.check\prj.check\doctest_stacklst\doctest_stacklst.cpp(85,13): error C2065: st_orig: необъявленный идентификатор [D:\projects\misis2023f-23-check\misis2024s-23-09-gumirov-m-r\build.check\prj.check\prj.check\doctest_stacklst\doctest_stacklst.vcxproj]
    23>D:\projects\misis2023f-23-check\misis2024s-23-09-gumirov-m-r\prj.check\prj.check\doctest_stacklst\doctest_stacklst.cpp(86,3): error C2065: st_orig: необъявленный идентификатор [D:\projects\misis2023f-23-check\misis2024s-23-09-gumirov-m-r\build.check\prj.check\prj.check\doctest_stacklst\doctest_stacklst.vcxproj]
    23>D:\projects\misis2023f-23-check\misis2024s-23-09-gumirov-m-r\prj.check\prj.check\doctest_stacklst\doctest_stacklst.cpp(86,3): error C2065: st_copy: необъявленный идентификатор [D:\projects\misis2023f-23-check\misis2024s-23-09-gumirov-m-r\build.check\prj.check\prj.check\doctest_stacklst\doctest_stacklst.vcxproj]
    23>D:\projects\misis2023f-23-check\misis2024s-23-09-gumirov-m-r\prj.check\prj.check\doctest_stacklst\doctest_stacklst.cpp(86,3): error C2672: "doctest::detail::ResultBuilder::binary_assert": не найдена соответствующая перегруженная функция [D:\projects\misis2023f-23-check\misis2024s-23-09-gumirov-m-r\build.check\prj.check\prj.check\doctest_stacklst\doctest_stacklst.vcxproj]
    23>D:\projects\misis2023f-23-check\misis2024s-23-09-gumirov-m-r\prj.check\prj.check\doctest_stacklst\doctest_stacklst.cpp(87,11): error C2065: st_orig: необъявленный идентификатор [D:\projects\misis2023f-23-check\misis2024s-23-09-gumirov-m-r\build.check\prj.check\prj.check\doctest_stacklst\doctest_stacklst.vcxproj]
    23>D:\projects\misis2023f-23-check\misis2024s-23-09-gumirov-m-r\prj.check\prj.check\doctest_stacklst\doctest_stacklst.cpp(88,5): error C2065: st_orig: необъявленный идентификатор [D:\projects\misis2023f-23-check\misis2024s-23-09-gumirov-m-r\build.check\prj.check\prj.check\doctest_stacklst\doctest_stacklst.vcxproj]
    23>D:\projects\misis2023f-23-check\misis2024s-23-09-gumirov-m-r\prj.check\prj.check\doctest_stacklst\doctest_stacklst.cpp(88,5): error C2065: st_copy: необъявленный идентификатор [D:\projects\misis2023f-23-check\misis2024s-23-09-gumirov-m-r\build.check\prj.check\prj.check\doctest_stacklst\doctest_stacklst.vcxproj]
    23>D:\projects\misis2023f-23-check\misis2024s-23-09-gumirov-m-r\prj.check\prj.check\doctest_stacklst\doctest_stacklst.cpp(88,5): error C2672: "doctest::detail::ResultBuilder::binary_assert": не найдена соответствующая перегруженная функция [D:\projects\misis2023f-23-check\misis2024s-23-09-gumirov-m-r\build.check\prj.check\prj.check\doctest_stacklst\doctest_stacklst.vcxproj]
    23>D:\projects\misis2023f-23-check\misis2024s-23-09-gumirov-m-r\prj.check\prj.check\doctest_stacklst\doctest_stacklst.cpp(89,5): error C2065: st_orig: необъявленный идентификатор [D:\projects\misis2023f-23-check\misis2024s-23-09-gumirov-m-r\build.check\prj.check\prj.check\doctest_stacklst\doctest_stacklst.vcxproj]
    23>D:\projects\misis2023f-23-check\misis2024s-23-09-gumirov-m-r\prj.check\prj.check\doctest_stacklst\doctest_stacklst.cpp(90,10): error C2065: st_orig: необъявленный идентификатор [D:\projects\misis2023f-23-check\misis2024s-23-09-gumirov-m-r\build.check\prj.check\prj.check\doctest_stacklst\doctest_stacklst.vcxproj]
    23>D:\projects\misis2023f-23-check\misis2024s-23-09-gumirov-m-r\prj.check\prj.check\doctest_stacklst\doctest_stacklst.cpp(91,7): error C2065: st_orig: необъявленный идентификатор [D:\projects\misis2023f-23-check\misis2024s-23-09-gumirov-m-r\build.check\prj.check\prj.check\doctest_stacklst\doctest_stacklst.vcxproj]
    23>D:\projects\misis2023f-23-check\misis2024s-23-09-gumirov-m-r\prj.check\prj.check\doctest_stacklst\doctest_stacklst.cpp(91,7): error C2065: st_copy: необъявленный идентификатор [D:\projects\misis2023f-23-check\misis2024s-23-09-gumirov-m-r\build.check\prj.check\prj.check\doctest_stacklst\doctest_stacklst.vcxproj]
    23>D:\projects\misis2023f-23-check\misis2024s-23-09-gumirov-m-r\prj.check\prj.check\doctest_stacklst\doctest_stacklst.cpp(91,7): error C2672: "doctest::detail::ResultBuilder::binary_assert": не найдена соответствующая перегруженная функция [D:\projects\misis2023f-23-check\misis2024s-23-09-gumirov-m-r\build.check\prj.check\prj.check\doctest_stacklst\doctest_stacklst.vcxproj]
    23>D:\projects\misis2023f-23-check\misis2024s-23-09-gumirov-m-r\prj.check\prj.check\doctest_stacklst\doctest_stacklst.cpp(93,5): error C2065: st_copy: необъявленный идентификатор [D:\projects\misis2023f-23-check\misis2024s-23-09-gumirov-m-r\build.check\prj.check\prj.check\doctest_stacklst\doctest_stacklst.vcxproj]
    23>D:\projects\misis2023f-23-check\misis2024s-23-09-gumirov-m-r\prj.check\prj.check\doctest_stacklst\doctest_stacklst.cpp(93,5): error C1003: число ошибок превышает 100; остановка компиляции [D:\projects\misis2023f-23-check\misis2024s-23-09-gumirov-m-r\build.check\prj.check\prj.check\doctest_stacklst\doctest_stacklst.vcxproj]
